<?xml version="1.0" encoding="UTF-8"?>
<!-- Generated by org.testng.reporters.JUnitXMLReporter -->
<testsuite hostname="DESKTOP-10CTBKL" ignored="0" name="Default test" tests="2" failures="0" timestamp="28 Nov 2021 01:58:56 GMT" time="9.831" errors="0">
  <testcase name="verifyUserCanAbleToLogin" time="0.593" classname="com.automation.test.SauceLoginTest"/>
  <testcase name="verifyUserCannotDoLogin" time="0.419" classname="com.automation.test.SauceLoginTest"/>
</testsuite> <!-- Default test -->
