<?xml version="1.0" encoding="UTF-8"?>
<!-- Generated by org.testng.reporters.JUnitXMLReporter -->
<testsuite hostname="DESKTOP-10CTBKL" ignored="0" name="Default test" tests="2" failures="0" timestamp="28 Nov 2021 21:37:17 GMT" time="35.743" errors="0">
  <testcase name="verifyUserCanAbleToLogin" time="2.897" classname="com.automation.test.SauceLoginTest"/>
  <testcase name="verifyUserCannotDoLogin" time="0.454" classname="com.automation.test.SauceLoginTest"/>
</testsuite> <!-- Default test -->
