<?xml version="1.0" encoding="UTF-8"?>
<testng-results skipped="0" failed="0" ignored="0" total="2" passed="2">
  <reporter-output>
  </reporter-output>
  <suite name="Default suite" duration-ms="35743" started-at="2021-11-28T21:36:42Z" finished-at="2021-11-28T21:37:17Z">
    <groups>
      <group name="Regression">
        <method signature="SauceLoginTest.verifyUserCanAbleToLogin()[pri:0, instance:com.automation.test.SauceLoginTest@43301423]" name="verifyUserCanAbleToLogin" class="com.automation.test.SauceLoginTest"/>
        <method signature="SauceLoginTest.verifyUserCannotDoLogin()[pri:0, instance:com.automation.test.SauceLoginTest@43301423]" name="verifyUserCannotDoLogin" class="com.automation.test.SauceLoginTest"/>
      </group> <!-- Regression -->
      <group name="Login">
        <method signature="SauceLoginTest.verifyUserCanAbleToLogin()[pri:0, instance:com.automation.test.SauceLoginTest@43301423]" name="verifyUserCanAbleToLogin" class="com.automation.test.SauceLoginTest"/>
        <method signature="SauceLoginTest.verifyUserCannotDoLogin()[pri:0, instance:com.automation.test.SauceLoginTest@43301423]" name="verifyUserCannotDoLogin" class="com.automation.test.SauceLoginTest"/>
      </group> <!-- Login -->
      <group name="Cigabyte">
        <method signature="SauceLoginTest.verifyUserCanAbleToLogin()[pri:0, instance:com.automation.test.SauceLoginTest@43301423]" name="verifyUserCanAbleToLogin" class="com.automation.test.SauceLoginTest"/>
      </group> <!-- Cigabyte -->
    </groups>
    <test name="Default test" duration-ms="35743" started-at="2021-11-28T21:36:42Z" finished-at="2021-11-28T21:37:17Z">
      <class name="com.automation.test.SauceLoginTest">
        <test-method status="PASS" signature="setUp()[pri:0, instance:com.automation.test.SauceLoginTest@43301423]" name="setUp" is-config="true" duration-ms="23992" started-at="2021-11-28T21:36:42Z" finished-at="2021-11-28T21:37:06Z">
          <reporter-output>
          </reporter-output>
        </test-method> <!-- setUp -->
        <test-method status="PASS" signature="verifyUserCanAbleToLogin()[pri:0, instance:com.automation.test.SauceLoginTest@43301423]" name="verifyUserCanAbleToLogin" duration-ms="2897" started-at="2021-11-28T21:37:06Z" finished-at="2021-11-28T21:37:09Z">
          <reporter-output>
          </reporter-output>
        </test-method> <!-- verifyUserCanAbleToLogin -->
        <test-method status="PASS" signature="cleanUp()[pri:0, instance:com.automation.test.SauceLoginTest@43301423]" name="cleanUp" is-config="true" duration-ms="863" started-at="2021-11-28T21:37:09Z" finished-at="2021-11-28T21:37:09Z">
          <reporter-output>
          </reporter-output>
        </test-method> <!-- cleanUp -->
        <test-method status="PASS" signature="setUp()[pri:0, instance:com.automation.test.SauceLoginTest@43301423]" name="setUp" is-config="true" duration-ms="7252" started-at="2021-11-28T21:37:09Z" finished-at="2021-11-28T21:37:17Z">
          <reporter-output>
          </reporter-output>
        </test-method> <!-- setUp -->
        <test-method status="PASS" signature="verifyUserCannotDoLogin()[pri:0, instance:com.automation.test.SauceLoginTest@43301423]" name="verifyUserCannotDoLogin" duration-ms="454" started-at="2021-11-28T21:37:17Z" finished-at="2021-11-28T21:37:17Z">
          <reporter-output>
          </reporter-output>
        </test-method> <!-- verifyUserCannotDoLogin -->
        <test-method status="PASS" signature="cleanUp()[pri:0, instance:com.automation.test.SauceLoginTest@43301423]" name="cleanUp" is-config="true" duration-ms="178" started-at="2021-11-28T21:37:17Z" finished-at="2021-11-28T21:37:17Z">
          <reporter-output>
          </reporter-output>
        </test-method> <!-- cleanUp -->
      </class> <!-- com.automation.test.SauceLoginTest -->
    </test> <!-- Default test -->
  </suite> <!-- Default suite -->
</testng-results>
